<?xml version="1.0" encoding="UTF-8"?>
<!-- Generated by org.testng.reporters.JUnitXMLReporter -->
<testsuite ignored="0" hostname="DESKTOP-3RJO6BK" failures="0" tests="2" name="OrangeHrm_WebApp_Login_MultipleUsers" time="4.769" errors="0" timestamp="2023-10-07T16:02:54 IST">
  <testcase classname="com.BaseTest.BaseTest" name="@BeforeTest setUp" time="4.658">
    <failure type="org.openqa.selenium.WebDriverException" message="disconnected: Unable to receive message from renderer
  (failed to check if window was closed: disconnected: not connected to DevTools)
  (Session info: chrome=116.0.5845.180)
Build info: version: &amp;apos;3.141.59&amp;apos;, revision: &amp;apos;e82be7d358&amp;apos;, time: &amp;apos;2018-11-14T08:17:03&amp;apos;
System info: host: &amp;apos;DESKTOP-3RJO6BK&amp;apos;, ip: &amp;apos;192.168.94.178&amp;apos;, os.name: &amp;apos;Windows 10&amp;apos;, os.arch: &amp;apos;amd64&amp;apos;, os.version: &amp;apos;10.0&amp;apos;, java.version: &amp;apos;17.0.8&amp;apos;
Driver info: driver.version: ChromeDriver
remote stacktrace: 	GetHandleVerifier [0x00007FF7BF0C52A2+57122]
	(No symbol) [0x00007FF7BF03EA92]
	(No symbol) [0x00007FF7BEF0E3AB]
	(No symbol) [0x00007FF7BEEFC01A]
	(No symbol) [0x00007FF7BEEFA9E5]
	(No symbol) [0x00007FF7BEEFB31E]
	(No symbol) [0x00007FF7BEEFB250]
	(No symbol) [0x00007FF7BEEECC5A]
	(No symbol) [0x00007FF7BEEEC95E]
	(No symbol) [0x00007FF7BEF6EC55]
	(No symbol) [0x00007FF7BEF6E5B0]
	(No symbol) [0x00007FF7BEF66DB3]
	(No symbol) [0x00007FF7BEF3D2B1]
	(No symbol) [0x00007FF7BEF3E494]
	GetHandleVerifier [0x00007FF7BF36EF82+2849794]
	GetHandleVerifier [0x00007FF7BF3C1D24+3189156]
	GetHandleVerifier [0x00007FF7BF3BACAF+3160367]
	GetHandleVerifier [0x00007FF7BF156D06+653702]
	(No symbol) [0x00007FF7BF04A208]
	(No symbol) [0x00007FF7BF0462C4]
	(No symbol) [0x00007FF7BF0463F6]
	(No symbol) [0x00007FF7BF0367A3]
	BaseThreadInitThunk [0x00007FFB62447344+20]
	RtlUserThreadStart [0x00007FFB638226B1+33]
">
      <![CDATA[org.openqa.selenium.WebDriverException: disconnected: Unable to receive message from renderer
  (failed to check if window was closed: disconnected: not connected to DevTools)
  (Session info: chrome=116.0.5845.180)
Build info: version: '3.141.59', revision: 'e82be7d358', time: '2018-11-14T08:17:03'
System info: host: 'DESKTOP-3RJO6BK', ip: '192.168.94.178', os.name: 'Windows 10', os.arch: 'amd64', os.version: '10.0', java.version: '17.0.8'
Driver info: driver.version: ChromeDriver
remote stacktrace: GetHandleVerifier [0x00007FF7BF0C52A2+57122]
(No symbol) [0x00007FF7BF03EA92]
(No symbol) [0x00007FF7BEF0E3AB]
(No symbol) [0x00007FF7BEEFC01A]
(No symbol) [0x00007FF7BEEFA9E5]
(No symbol) [0x00007FF7BEEFB31E]
(No symbol) [0x00007FF7BEEFB250]
(No symbol) [0x00007FF7BEEECC5A]
(No symbol) [0x00007FF7BEEEC95E]
(No symbol) [0x00007FF7BEF6EC55]
(No symbol) [0x00007FF7BEF6E5B0]
(No symbol) [0x00007FF7BEF66DB3]
(No symbol) [0x00007FF7BEF3D2B1]
(No symbol) [0x00007FF7BEF3E494]
GetHandleVerifier [0x00007FF7BF36EF82+2849794]
GetHandleVerifier [0x00007FF7BF3C1D24+3189156]
GetHandleVerifier [0x00007FF7BF3BACAF+3160367]
GetHandleVerifier [0x00007FF7BF156D06+653702]
(No symbol) [0x00007FF7BF04A208]
(No symbol) [0x00007FF7BF0462C4]
(No symbol) [0x00007FF7BF0463F6]
(No symbol) [0x00007FF7BF0367A3]
BaseThreadInitThunk [0x00007FFB62447344+20]
RtlUserThreadStart [0x00007FFB638226B1+33]

at org.openqa.selenium.remote.W3CHandshakeResponse.lambda$errorHandler$0(W3CHandshakeResponse.java:62)
at org.openqa.selenium.remote.HandshakeResponse.lambda$getResponseFunction$0(HandshakeResponse.java:30)
at org.openqa.selenium.remote.ProtocolHandshake.lambda$createSession$0(ProtocolHandshake.java:126)
at java.base/java.util.stream.ReferencePipeline$3$1.accept(ReferencePipeline.java:197)
at java.base/java.util.Spliterators$ArraySpliterator.tryAdvance(Spliterators.java:1002)
at java.base/java.util.stream.ReferencePipeline.forEachWithCancel(ReferencePipeline.java:129)
at java.base/java.util.stream.AbstractPipeline.copyIntoWithCancel(AbstractPipeline.java:527)
at java.base/java.util.stream.AbstractPipeline.copyInto(AbstractPipeline.java:513)
at java.base/java.util.stream.AbstractPipeline.wrapAndCopyInto(AbstractPipeline.java:499)
at java.base/java.util.stream.FindOps$FindOp.evaluateSequential(FindOps.java:150)
at java.base/java.util.stream.AbstractPipeline.evaluate(AbstractPipeline.java:234)
at java.base/java.util.stream.ReferencePipeline.findFirst(ReferencePipeline.java:647)
at org.openqa.selenium.remote.ProtocolHandshake.createSession(ProtocolHandshake.java:128)
at org.openqa.selenium.remote.ProtocolHandshake.createSession(ProtocolHandshake.java:74)
at org.openqa.selenium.remote.HttpCommandExecutor.execute(HttpCommandExecutor.java:136)
at org.openqa.selenium.remote.service.DriverCommandExecutor.execute(DriverCommandExecutor.java:83)
at org.openqa.selenium.remote.RemoteWebDriver.execute(RemoteWebDriver.java:552)
at org.openqa.selenium.remote.RemoteWebDriver.startSession(RemoteWebDriver.java:213)
at org.openqa.selenium.remote.RemoteWebDriver.<init>(RemoteWebDriver.java:131)
at org.openqa.selenium.chrome.ChromeDriver.<init>(ChromeDriver.java:181)
at org.openqa.selenium.chrome.ChromeDriver.<init>(ChromeDriver.java:168)
at org.openqa.selenium.chrome.ChromeDriver.<init>(ChromeDriver.java:123)
at com.BaseTest.BaseTest.setUp(BaseTest.java:20)
... Removed 29 stack frames]]>
    </failure>
  </testcase> <!-- @BeforeTest setUp -->
  <testcase classname="com.BaseTest.BaseTest" name="@AfterTest tearDown" time="0.0">
    <skipped/>
  </testcase> <!-- @AfterTest tearDown -->
  <testcase classname="com.OrangeHRMWebAppTestCases.Ohrm_MutlipleUserCredentialsLogin_TestNg_PropFile" name="orangeHrmWebApplicationLoginPage" time="0.0">
    <skipped/>
  </testcase> <!-- orangeHrmWebApplicationLoginPage -->
  <testcase classname="com.OrangeHRMWebAppTestCases.Ohrm_MutlipleUserCredentialsLogin_TestNg_PropFile" name="multiUserCredentialsLogin" time="0.0">
    <skipped/>
  </testcase> <!-- multiUserCredentialsLogin -->
</testsuite> <!-- OrangeHrm_WebApp_Login_MultipleUsers -->
