<?xml version="1.0" encoding="UTF-8"?>
<!-- Generated by org.testng.reporters.JUnitReportReporter -->
<testsuite hostname="DESKTOP-3RJO6BK" failures="0" tests="12" name="com.OrangeHRMApplicationPagesTests.OrangeHRMApplication_LoginPage_Test" time="34.286" errors="1" timestamp="2023-10-10T09:05:12 IST" skipped="11">
  <testcase classname="com.OrangeHRMApplicationPagesTests.OrangeHRMApplication_LoginPage_Test" name="setUp" time="34.284">
    <error message="timeout: Timed out receiving message from renderer: -0.012
  (Session info: chrome=117.0.5938.149)
Build info: version: &#039;3.141.59&#039;, revision: &#039;e82be7d358&#039;, time: &#039;2018-11-14T08:17:03&#039;
System info: host: &#039;DESKTOP-3RJO6BK&#039;, ip: &#039;192.168.94.178&#039;, os.name: &#039;Windows 10&#039;, os.arch: &#039;amd64&#039;, os.version: &#039;10.0&#039;, java.version: &#039;17.0.8&#039;
Driver info: org.openqa.selenium.chrome.ChromeDriver
Capabilities {acceptInsecureCerts: false, browserName: chrome, browserVersion: 117.0.5938.149, chrome: {chromedriverVersion: 116.0.5845.96 (1a3918166880..., userDataDir: C:\Users\GAYATH~1\AppData\L...}, fedcm:accounts: true, goog:chromeOptions: {debuggerAddress: localhost:50229}, javascriptEnabled: true, networkConnectionEnabled: false, pageLoadStrategy: normal, platform: WINDOWS, platformName: WINDOWS, proxy: Proxy(), setWindowRect: true, strictFileInteractability: false, timeouts: {implicit: 0, pageLoad: 300000, script: 30000}, unhandledPromptBehavior: dismiss and notify, webauthn:extension:credBlob: true, webauthn:extension:largeBlob: true, webauthn:extension:minPinLength: true, webauthn:extension:prf: true, webauthn:virtualAuthenticators: true}
Session ID: 0b425f652fff4ac40db3014336d7b1d1" type="org.openqa.selenium.TimeoutException">
      <![CDATA[org.openqa.selenium.TimeoutException: timeout: Timed out receiving message from renderer: -0.012
  (Session info: chrome=117.0.5938.149)
Build info: version: '3.141.59', revision: 'e82be7d358', time: '2018-11-14T08:17:03'
System info: host: 'DESKTOP-3RJO6BK', ip: '192.168.94.178', os.name: 'Windows 10', os.arch: 'amd64', os.version: '10.0', java.version: '17.0.8'
Driver info: org.openqa.selenium.chrome.ChromeDriver
Capabilities {acceptInsecureCerts: false, browserName: chrome, browserVersion: 117.0.5938.149, chrome: {chromedriverVersion: 116.0.5845.96 (1a3918166880..., userDataDir: C:\Users\GAYATH~1\AppData\L...}, fedcm:accounts: true, goog:chromeOptions: {debuggerAddress: localhost:50229}, javascriptEnabled: true, networkConnectionEnabled: false, pageLoadStrategy: normal, platform: WINDOWS, platformName: WINDOWS, proxy: Proxy(), setWindowRect: true, strictFileInteractability: false, timeouts: {implicit: 0, pageLoad: 300000, script: 30000}, unhandledPromptBehavior: dismiss and notify, webauthn:extension:credBlob: true, webauthn:extension:largeBlob: true, webauthn:extension:minPinLength: true, webauthn:extension:prf: true, webauthn:virtualAuthenticators: true}
Session ID: 0b425f652fff4ac40db3014336d7b1d1
at java.base/jdk.internal.reflect.NativeConstructorAccessorImpl.newInstance0(Native Method)
at java.base/jdk.internal.reflect.NativeConstructorAccessorImpl.newInstance(NativeConstructorAccessorImpl.java:77)
at java.base/jdk.internal.reflect.DelegatingConstructorAccessorImpl.newInstance(DelegatingConstructorAccessorImpl.java:45)
at java.base/java.lang.reflect.Constructor.newInstanceWithCaller(Constructor.java:499)
at java.base/java.lang.reflect.Constructor.newInstance(Constructor.java:480)
at org.openqa.selenium.remote.http.W3CHttpResponseCodec.createException(W3CHttpResponseCodec.java:187)
at org.openqa.selenium.remote.http.W3CHttpResponseCodec.decode(W3CHttpResponseCodec.java:122)
at org.openqa.selenium.remote.http.W3CHttpResponseCodec.decode(W3CHttpResponseCodec.java:49)
at org.openqa.selenium.remote.HttpCommandExecutor.execute(HttpCommandExecutor.java:158)
at org.openqa.selenium.remote.service.DriverCommandExecutor.execute(DriverCommandExecutor.java:83)
at org.openqa.selenium.remote.RemoteWebDriver.execute(RemoteWebDriver.java:552)
at org.openqa.selenium.remote.RemoteWebDriver.get(RemoteWebDriver.java:277)
at com.BaseTest.BaseTest.setUp(BaseTest.java:25)
at java.base/jdk.internal.reflect.NativeMethodAccessorImpl.invoke0(Native Method)
at java.base/jdk.internal.reflect.NativeMethodAccessorImpl.invoke(NativeMethodAccessorImpl.java:77)
at java.base/jdk.internal.reflect.DelegatingMethodAccessorImpl.invoke(DelegatingMethodAccessorImpl.java:43)
at java.base/java.lang.reflect.Method.invoke(Method.java:568)
at org.testng.internal.invokers.MethodInvocationHelper.invokeMethod(MethodInvocationHelper.java:139)
at org.testng.internal.invokers.MethodInvocationHelper.invokeMethodConsideringTimeout(MethodInvocationHelper.java:69)
at org.testng.internal.invokers.ConfigInvoker.invokeConfigurationMethod(ConfigInvoker.java:390)
at org.testng.internal.invokers.ConfigInvoker.invokeConfigurations(ConfigInvoker.java:325)
at org.testng.internal.invokers.TestInvoker.runConfigMethods(TestInvoker.java:810)
at org.testng.internal.invokers.TestInvoker.invokeMethod(TestInvoker.java:577)
at org.testng.internal.invokers.TestInvoker.invokeTestMethod(TestInvoker.java:227)
at org.testng.internal.invokers.MethodRunner.runInSequence(MethodRunner.java:50)
at org.testng.internal.invokers.TestInvoker$MethodInvocationAgent.invoke(TestInvoker.java:957)
at org.testng.internal.invokers.TestInvoker.invokeTestMethods(TestInvoker.java:200)
at org.testng.internal.invokers.TestMethodWorker.invokeTestMethods(TestMethodWorker.java:148)
at org.testng.internal.invokers.TestMethodWorker.run(TestMethodWorker.java:128)
at java.base/java.util.ArrayList.forEach(ArrayList.java:1511)
at org.testng.TestRunner.privateRun(TestRunner.java:848)
at org.testng.TestRunner.run(TestRunner.java:621)
at org.testng.SuiteRunner.runTest(SuiteRunner.java:443)
at org.testng.SuiteRunner.runSequentially(SuiteRunner.java:437)
at org.testng.SuiteRunner.privateRun(SuiteRunner.java:397)
at org.testng.SuiteRunner.run(SuiteRunner.java:336)
at org.testng.SuiteRunnerWorker.runSuite(SuiteRunnerWorker.java:52)
at org.testng.SuiteRunnerWorker.run(SuiteRunnerWorker.java:95)
at org.testng.TestNG.runSuitesSequentially(TestNG.java:1280)
at org.testng.TestNG.runSuitesLocally(TestNG.java:1200)
at org.testng.TestNG.runSuites(TestNG.java:1114)
at org.testng.TestNG.run(TestNG.java:1082)
at org.testng.remote.AbstractRemoteTestNG.run(AbstractRemoteTestNG.java:115)
at org.testng.remote.RemoteTestNG.initAndRun(RemoteTestNG.java:251)
at org.testng.remote.RemoteTestNG.main(RemoteTestNG.java:77)
]]>
    </error>
  </testcase> <!-- setUp -->
  <testcase classname="com.OrangeHRMApplicationPagesTests.OrangeHRMApplication_LoginPage_Test" name="validatingLogInPanelTextTest" time="0.000">
    <skipped/>
  </testcase> <!-- validatingLogInPanelTextTest -->
  <testcase classname="com.OrangeHRMApplicationPagesTests.OrangeHRMApplication_LoginPage_Test" name="validatingOrangeHRMApplicationLogInPageLogoTest" time="0.000">
    <skipped/>
  </testcase> <!-- validatingOrangeHRMApplicationLogInPageLogoTest -->
  <testcase classname="com.OrangeHRMApplicationPagesTests.OrangeHRMApplication_LoginPage_Test" name="orangeHRMApplicationLogInPage_logInTest" time="0.000">
    <skipped/>
  </testcase> <!-- orangeHRMApplicationLogInPage_logInTest -->
  <testcase classname="com.OrangeHRMApplicationPagesTests.OrangeHRMApplication_LoginPage_Test" name="welcomeAdminValidation" time="0.000">
    <skipped/>
  </testcase> <!-- welcomeAdminValidation -->
  <testcase classname="com.OrangeHRMApplicationPagesTests.OrangeHRMApplication_LoginPage_Test" name="logOutValidation" time="0.001">
    <skipped/>
  </testcase> <!-- logOutValidation -->
  <testcase classname="com.OrangeHRMApplicationPagesTests.OrangeHRMApplication_LoginPage_Test" name="orangeHRMApplicationFooterAlternativeLoginTextTest" time="0.000">
    <skipped/>
  </testcase> <!-- orangeHRMApplicationFooterAlternativeLoginTextTest -->
  <testcase classname="com.OrangeHRMApplicationPagesTests.OrangeHRMApplication_LoginPage_Test" name="orangeHRMApplicationSelectDropDownTest" time="0.000">
    <skipped/>
  </testcase> <!-- orangeHRMApplicationSelectDropDownTest -->
  <testcase classname="com.OrangeHRMApplicationPagesTests.OrangeHRMApplication_LoginPage_Test" name="orangeHRMFooterLoginButtonTest" time="0.000">
    <skipped/>
  </testcase> <!-- orangeHRMFooterLoginButtonTest -->
  <testcase classname="com.OrangeHRMApplicationPagesTests.OrangeHRMApplication_LoginPage_Test" name="orangeHRMApplicationVersionNameTest" time="0.001">
    <skipped/>
  </testcase> <!-- orangeHRMApplicationVersionNameTest -->
  <testcase classname="com.OrangeHRMApplicationPagesTests.OrangeHRMApplication_LoginPage_Test" name="orangeHRMApplicationFooterDiv2Elements" time="0.000">
    <skipped/>
  </testcase> <!-- orangeHRMApplicationFooterDiv2Elements -->
  <testcase classname="com.OrangeHRMApplicationPagesTests.OrangeHRMApplication_LoginPage_Test" name="orangeHRMApplicationOHRMIncLink" time="0.000">
    <skipped/>
  </testcase> <!-- orangeHRMApplicationOHRMIncLink -->
</testsuite> <!-- com.OrangeHRMApplicationPagesTests.OrangeHRMApplication_LoginPage_Test -->
